<?xml version="1.0" encoding="UTF-8"?>
<testng-results skipped="0" failed="1" total="1" passed="0">
  <reporter-output>
  </reporter-output>
  <suite name="Regression" duration-ms="42547" started-at="2018-03-07T17:23:32Z" finished-at="2018-03-07T17:24:15Z">
    <groups>
      <group name="cucumber">
        <method signature="AbstractTestNGCucumberTests.feature(cucumber.api.testng.CucumberFeatureWrapper)[pri:0, instance:com.Navision.classrunner.TestRun@1e127982]" name="feature" class="cucumber.api.testng.AbstractTestNGCucumberTests"/>
      </group> <!-- cucumber -->
    </groups>
    <test name="Chrome" duration-ms="42547" started-at="2018-03-07T17:23:32Z" finished-at="2018-03-07T17:24:15Z">
      <class name="com.Navision.classrunner.TestRun">
        <test-method status="PASS" signature="setUpClass()[pri:0, instance:com.Navision.classrunner.TestRun@1e127982]" name="setUpClass" is-config="true" duration-ms="249" started-at="2018-03-07T17:23:32Z" finished-at="2018-03-07T17:23:33Z">
          <reporter-output>
          </reporter-output>
        </test-method> <!-- setUpClass -->
        <test-method status="FAIL" signature="feature(cucumber.api.testng.CucumberFeatureWrapper)[pri:0, instance:com.Navision.classrunner.TestRun@1e127982]" name="feature" duration-ms="42199" started-at="2018-03-07T17:23:33Z" description="Runs Cucumber Feature" data-provider="features" finished-at="2018-03-07T17:24:15Z">
          <params>
            <param index="0">
              <value>
                <![CDATA[Create a script to enter 5 rows into Navision from a datasheet, using Java, JS or Python]]>
              </value>
            </param>
          </params>
          <exception class="cucumber.runtime.CucumberException">
            <message>
              <![CDATA[java.lang.NullPointerException]]>
            </message>
            <full-stacktrace>
              <![CDATA[cucumber.runtime.CucumberException: java.lang.NullPointerException
	at cucumber.api.testng.TestNGCucumberRunner.runCucumber(TestNGCucumberRunner.java:69)
	at cucumber.api.testng.AbstractTestNGCucumberTests.feature(AbstractTestNGCucumberTests.java:21)
	at sun.reflect.NativeMethodAccessorImpl.invoke0(Native Method)
	at sun.reflect.NativeMethodAccessorImpl.invoke(NativeMethodAccessorImpl.java:62)
	at sun.reflect.DelegatingMethodAccessorImpl.invoke(DelegatingMethodAccessorImpl.java:43)
	at java.lang.reflect.Method.invoke(Method.java:498)
	at org.testng.internal.MethodInvocationHelper.invokeMethod(MethodInvocationHelper.java:86)
	at org.testng.internal.Invoker.invokeMethod(Invoker.java:643)
	at org.testng.internal.Invoker.invokeTestMethod(Invoker.java:820)
	at org.testng.internal.Invoker.invokeTestMethods(Invoker.java:1128)
	at org.testng.internal.TestMethodWorker.invokeTestMethods(TestMethodWorker.java:129)
	at org.testng.internal.TestMethodWorker.run(TestMethodWorker.java:112)
	at org.testng.TestRunner.privateRun(TestRunner.java:782)
	at org.testng.TestRunner.run(TestRunner.java:632)
	at org.testng.SuiteRunner.runTest(SuiteRunner.java:366)
	at org.testng.SuiteRunner.access$000(SuiteRunner.java:39)
	at org.testng.SuiteRunner$SuiteWorker.run(SuiteRunner.java:400)
	at org.testng.internal.thread.ThreadUtil$2.call(ThreadUtil.java:64)
	at java.util.concurrent.FutureTask.run(FutureTask.java:266)
	at java.util.concurrent.ThreadPoolExecutor.runWorker(ThreadPoolExecutor.java:1149)
	at java.util.concurrent.ThreadPoolExecutor$Worker.run(ThreadPoolExecutor.java:624)
	at java.lang.Thread.run(Thread.java:748)
Caused by: java.lang.NullPointerException
	at com.Navision.stepDefinitions.NavisionStepDefinitions.user_navigate_to_the_URL_https_talent_capgemini_com_uk(NavisionStepDefinitions.java:31)
	at ✽.Given user navigate to the URL https://talent.capgemini.com/uk(Navision.feature:23)
]]>
            </full-stacktrace>
          </exception> <!-- cucumber.runtime.CucumberException -->
          <reporter-output>
          </reporter-output>
        </test-method> <!-- feature -->
        <test-method status="PASS" signature="tearDownClass()[pri:0, instance:com.Navision.classrunner.TestRun@1e127982]" name="tearDownClass" is-config="true" duration-ms="9" started-at="2018-03-07T17:24:15Z" finished-at="2018-03-07T17:24:15Z">
          <reporter-output>
          </reporter-output>
        </test-method> <!-- tearDownClass -->
      </class> <!-- com.Navision.classrunner.TestRun -->
    </test> <!-- Chrome -->
  </suite> <!-- Regression -->
</testng-results>
